BoLA-D18.4 200000
BoLA-HD6 200000
BoLA-JSP.1 200000
BoLA-T2C 200000
BoLA-T2a 200000
BoLA-T2b 200000
H-2-Db 200000
H-2-Dd 200000
H-2-Kb 200000
H-2-Kd 200000
H-2-Kk 200000
H-2-Ld 200000
HLA-A01:01 200000
HLA-A02:01 200000
HLA-A02:02 200000
HLA-A02:03 200000
HLA-A02:06 200000
HLA-A02:11 200000
HLA-A02:12 200000
HLA-A02:16 200000
HLA-A02:17 200000
HLA-A02:19 200000
HLA-A02:50 200000
HLA-A03:01 200000
HLA-A11:01 200000
HLA-A23:01 200000
HLA-A24:02 200000
HLA-A24:03 200000
HLA-A25:01 200000
HLA-A26:01 200000
HLA-A26:02 200000
HLA-A26:03 200000
HLA-A29:02 200000
HLA-A30:01 200000
HLA-A30:02 200000
HLA-A31:01 200000
HLA-A32:01 200000
HLA-A32:07 200000
HLA-A32:15 200000
HLA-A33:01 200000
HLA-A66:01 200000
HLA-A68:01 200000
HLA-A68:02 200000
HLA-A68:23 200000
HLA-A69:01 200000
HLA-A80:01 200000
HLA-B07:02 200000
HLA-B08:01 200000
HLA-B08:02 200000
HLA-B08:03 200000
HLA-B14:02 200000
HLA-B15:01 200000
HLA-B15:02 200000
HLA-B15:03 200000
HLA-B15:09 200000
HLA-B15:17 200000
HLA-B18:01 200000
HLA-B27:05 200000
HLA-B27:20 200000
HLA-B35:01 200000
HLA-B35:03 200000
HLA-B38:01 200000
HLA-B39:01 200000
HLA-B40:01 200000
HLA-B40:02 200000
HLA-B40:13 200000
HLA-B42:01 200000
HLA-B44:02 200000
HLA-B44:03 200000
HLA-B45:01 200000
HLA-B46:01 200000
HLA-B48:01 200000
HLA-B51:01 200000
HLA-B53:01 200000
HLA-B54:01 200000
HLA-B57:01 200000
HLA-B58:01 200000
HLA-B73:01 200000
HLA-B83:01 200000
HLA-C03:03 200000
HLA-C04:01 200000
HLA-C05:01 200000
HLA-C06:02 200000
HLA-C07:01 200000
HLA-C07:02 200000
HLA-C08:02 200000
HLA-C12:03 200000
HLA-C14:02 200000
HLA-C15:02 200000
HLA-E01:01 200000
Mamu-A01 200000
Mamu-A02 200000
Mamu-A07 200000
Mamu-A11 200000
Mamu-A20102 200000
Mamu-A2201 200000
Mamu-A2601 200000
Mamu-A70103 200000
Mamu-B01 200000
Mamu-B03 200000
Mamu-B08 200000
Mamu-B1001 200000
Mamu-B17 200000
Mamu-B3901 200000
Mamu-B52 200000
Mamu-B6601 200000
Mamu-B8301 200000
Mamu-B8701 200000
Patr-A0101 200000
Patr-A0301 200000
Patr-A0401 200000
Patr-A0701 200000
Patr-A0901 200000
Patr-B0101 200000
Patr-B1301 200000
Patr-B2401 200000
SLA-10401 200000
SLA-20401 200000
SLA-30401 200000
